# JRE version: OpenJDK Runtime Environment (11.0.13) (build 11.0.13+0-b1751.21-8125866)
# Java VM: OpenJDK 64-Bit Server VM (11.0.13+0-b1751.21-8125866, mixed mode, tiered, compressed oops, g1 gc, windows-amd64)
Heap:
 garbage-first heap   total 145408K, used 31088K [0x0000000080000000, 0x0000000100000000)
  region size 1024K, 4 young (4096K), 4 survivors (4096K)
 Metaspace       used 47135K, capacity 48225K, committed 48336K, reserved 1091584K
  class space    used 5997K, capacity 6396K, committed 6400K, reserved 1048576K
GC Heap History (19 events):
Event: 0.984 GC heap before
{Heap before GC invocations=0 (full 0):
 garbage-first heap   total 120832K, used 29696K [0x0000000080000000, 0x0000000100000000)
  region size 1024K, 24 young (24576K), 0 survivors (0K)
 Metaspace       used 10145K, capacity 10391K, committed 10624K, reserved 1058816K
  class space    used 1043K, capacity 1106K, committed 1152K, reserved 1048576K
}
Event: 0.998 GC heap after
{Heap after GC invocations=1 (full 0):
 garbage-first heap   total 120832K, used 9215K [0x0000000080000000, 0x0000000100000000)
  region size 1024K, 3 young (3072K), 3 survivors (3072K)
 Metaspace       used 10145K, capacity 10391K, committed 10624K, reserved 1058816K
  class space    used 1043K, capacity 1106K, committed 1152K, reserved 1048576K
}
Event: 2.990 GC heap before
{Heap before GC invocations=1 (full 0):
 garbage-first heap   total 120832K, used 77823K [0x0000000080000000, 0x0000000100000000)
  region size 1024K, 70 young (71680K), 3 survivors (3072K)
 Metaspace       used 16744K, capacity 17134K, committed 17152K, reserved 1064960K
  class space    used 1914K, capacity 2036K, committed 2048K, reserved 1048576K
}
Event: 2.997 GC heap after
{Heap after GC invocations=2 (full 0):
 garbage-first heap   total 120832K, used 15881K [0x0000000080000000, 0x0000000100000000)
  region size 1024K, 9 young (9216K), 9 survivors (9216K)
 Metaspace       used 16744K, capacity 17134K, committed 17152K, reserved 1064960K
  class space    used 1914K, capacity 2036K, committed 2048K, reserved 1048576K
}
Event: 3.451 GC heap before
{Heap before GC invocations=2 (full 0):
 garbage-first heap   total 120832K, used 49673K [0x0000000080000000, 0x0000000100000000)
  region size 1024K, 42 young (43008K), 9 survivors (9216K)
 Metaspace       used 20399K, capacity 20817K, committed 20864K, reserved 1067008K
  class space    used 2485K, capacity 2648K, committed 2688K, reserved 1048576K
}
Event: 3.459 GC heap after
{Heap after GC invocations=3 (full 0):
 garbage-first heap   total 120832K, used 17465K [0x0000000080000000, 0x0000000100000000)
  region size 1024K, 2 young (2048K), 2 survivors (2048K)
 Metaspace       used 20399K, capacity 20817K, committed 20864K, reserved 1067008K
  class space    used 2485K, capacity 2648K, committed 2688K, reserved 1048576K
}
Event: 3.507 GC heap before
{Heap before GC invocations=3 (full 0):
 garbage-first heap   total 120832K, used 19513K [0x0000000080000000, 0x0000000100000000)
  region size 1024K, 5 young (5120K), 2 survivors (2048K)
 Metaspace       used 20790K, capacity 21189K, committed 21296K, reserved 1069056K
  class space    used 2531K, capacity 2688K, committed 2688K, reserved 1048576K
}
Event: 3.510 GC heap after
{Heap after GC invocations=4 (full 0):
 garbage-first heap   total 120832K, used 17460K [0x0000000080000000, 0x0000000100000000)
  region size 1024K, 2 young (2048K), 2 survivors (2048K)
 Metaspace       used 20790K, capacity 21189K, committed 21296K, reserved 1069056K
  class space    used 2531K, capacity 2688K, committed 2688K, reserved 1048576K
}
Event: 4.308 GC heap before
{Heap before GC invocations=5 (full 0):
 garbage-first heap   total 120832K, used 68660K [0x0000000080000000, 0x0000000100000000)
  region size 1024K, 52 young (53248K), 2 survivors (2048K)
 Metaspace       used 26108K, capacity 26741K, committed 27008K, reserved 1073152K
  class space    used 3394K, capacity 3633K, committed 3712K, reserved 1048576K
}
Event: 4.314 GC heap after
{Heap after GC invocations=6 (full 0):
 garbage-first heap   total 120832K, used 19265K [0x0000000080000000, 0x0000000100000000)
  region size 1024K, 4 young (4096K), 4 survivors (4096K)
 Metaspace       used 26108K, capacity 26741K, committed 27008K, reserved 1073152K
  class space    used 3394K, capacity 3633K, committed 3712K, reserved 1048576K
}
Event: 5.042 GC heap before
{Heap before GC invocations=6 (full 0):
 garbage-first heap   total 120832K, used 73537K [0x0000000080000000, 0x0000000100000000)
  region size 1024K, 57 young (58368K), 4 survivors (4096K)
 Metaspace       used 31405K, capacity 32183K, committed 32384K, reserved 1077248K
  class space    used 4170K, capacity 4448K, committed 4480K, reserved 1048576K
}
Event: 5.047 GC heap after
{Heap after GC invocations=7 (full 0):
 garbage-first heap   total 120832K, used 20921K [0x0000000080000000, 0x0000000100000000)
  region size 1024K, 5 young (5120K), 5 survivors (5120K)
 Metaspace       used 31405K, capacity 32183K, committed 32384K, reserved 1077248K
  class space    used 4170K, capacity 4448K, committed 4480K, reserved 1048576K
}
Event: 5.396 GC heap before
{Heap before GC invocations=7 (full 0):
 garbage-first heap   total 120832K, used 31161K [0x0000000080000000, 0x0000000100000000)
  region size 1024K, 16 young (16384K), 5 survivors (5120K)
 Metaspace       used 35185K, capacity 35962K, committed 36048K, reserved 1081344K
  class space    used 4529K, capacity 4838K, committed 4864K, reserved 1048576K
}
Event: 5.406 GC heap after
{Heap after GC invocations=8 (full 0):
 garbage-first heap   total 120832K, used 23045K [0x0000000080000000, 0x0000000100000000)
  region size 1024K, 6 young (6144K), 6 survivors (6144K)
 Metaspace       used 35185K, capacity 35962K, committed 36048K, reserved 1081344K
  class space    used 4529K, capacity 4838K, committed 4864K, reserved 1048576K
}
Event: 6.018 GC heap before
{Heap before GC invocations=9 (full 0):
 garbage-first heap   total 120832K, used 72197K [0x0000000080000000, 0x0000000100000000)
  region size 1024K, 52 young (53248K), 6 survivors (6144K)
 Metaspace       used 39218K, capacity 40065K, committed 40400K, reserved 1085440K
  class space    used 4951K, capacity 5262K, committed 5376K, reserved 1048576K
}
Event: 6.029 GC heap after
{Heap after GC invocations=10 (full 0):
 garbage-first heap   total 120832K, used 27095K [0x0000000080000000, 0x0000000100000000)
  region size 1024K, 7 young (7168K), 7 survivors (7168K)
 Metaspace       used 39218K, capacity 40065K, committed 40400K, reserved 1085440K
  class space    used 4951K, capacity 5262K, committed 5376K, reserved 1048576K
}
Event: 6.557 GC heap before
{Heap before GC invocations=10 (full 0):
 garbage-first heap   total 120832K, used 74199K [0x0000000080000000, 0x0000000100000000)
  region size 1024K, 54 young (55296K), 7 survivors (7168K)
 Metaspace       used 42974K, capacity 43933K, committed 43984K, reserved 1087488K
  class space    used 5481K, capacity 5839K, committed 5888K, reserved 1048576K
}
Event: 6.565 GC heap after
{Heap after GC invocations=11 (full 0):
 garbage-first heap   total 120832K, used 29808K [0x0000000080000000, 0x0000000100000000)
  region size 1024K, 7 young (7168K), 7 survivors (7168K)
 Metaspace       used 42974K, capacity 43933K, committed 43984K, reserved 1087488K
  class space    used 5481K, capacity 5839K, committed 5888K, reserved 1048576K
}
Event: 7.093 GC heap before
{Heap before GC invocations=11 (full 0):
 garbage-first heap   total 120832K, used 79984K [0x0000000080000000, 0x0000000100000000)
  region size 1024K, 55 young (56320K), 7 survivors (7168K)
 Metaspace       used 47135K, capacity 48225K, committed 48336K, reserved 1091584K
  class space    used 5997K, capacity 6396K, committed 6400K, reserved 1048576K
}

