# JRE version: OpenJDK Runtime Environment (11.0.13) (build 11.0.13+0-b1751.21-8125866)
# Java VM: OpenJDK 64-Bit Server VM (11.0.13+0-b1751.21-8125866, mixed mode, tiered, compressed oops, g1 gc, windows-amd64)
Heap:
 garbage-first heap   total 120832K, used 32466K [0x0000000080000000, 0x0000000100000000)
  region size 1024K, 18 young (18432K), 5 survivors (5120K)
 Metaspace       used 32362K, capacity 33155K, committed 33404K, reserved 1079296K
  class space    used 4238K, capacity 4517K, committed 4556K, reserved 1048576K
GC Heap History (12 events):
Event: 0.943 GC heap before
{Heap before GC invocations=0 (full 0):
 garbage-first heap   total 120832K, used 29696K [0x0000000080000000, 0x0000000100000000)
  region size 1024K, 24 young (24576K), 0 survivors (0K)
 Metaspace       used 10160K, capacity 10391K, committed 10624K, reserved 1058816K
  class space    used 1043K, capacity 1106K, committed 1152K, reserved 1048576K
}
Event: 0.953 GC heap after
{Heap after GC invocations=1 (full 0):
 garbage-first heap   total 120832K, used 9278K [0x0000000080000000, 0x0000000100000000)
  region size 1024K, 3 young (3072K), 3 survivors (3072K)
 Metaspace       used 10160K, capacity 10391K, committed 10624K, reserved 1058816K
  class space    used 1043K, capacity 1106K, committed 1152K, reserved 1048576K
}
Event: 2.715 GC heap before
{Heap before GC invocations=1 (full 0):
 garbage-first heap   total 120832K, used 77886K [0x0000000080000000, 0x0000000100000000)
  region size 1024K, 70 young (71680K), 3 survivors (3072K)
 Metaspace       used 16740K, capacity 17134K, committed 17152K, reserved 1064960K
  class space    used 1909K, capacity 2036K, committed 2048K, reserved 1048576K
}
Event: 2.722 GC heap after
{Heap after GC invocations=2 (full 0):
 garbage-first heap   total 120832K, used 15886K [0x0000000080000000, 0x0000000100000000)
  region size 1024K, 9 young (9216K), 9 survivors (9216K)
 Metaspace       used 16740K, capacity 17134K, committed 17152K, reserved 1064960K
  class space    used 1909K, capacity 2036K, committed 2048K, reserved 1048576K
}
Event: 3.066 GC heap before
{Heap before GC invocations=2 (full 0):
 garbage-first heap   total 120832K, used 48654K [0x0000000080000000, 0x0000000100000000)
  region size 1024K, 41 young (41984K), 9 survivors (9216K)
 Metaspace       used 20145K, capacity 20590K, committed 20864K, reserved 1067008K
  class space    used 2455K, capacity 2615K, committed 2688K, reserved 1048576K
}
Event: 3.074 GC heap after
{Heap after GC invocations=3 (full 0):
 garbage-first heap   total 120832K, used 17287K [0x0000000080000000, 0x0000000100000000)
  region size 1024K, 2 young (2048K), 2 survivors (2048K)
 Metaspace       used 20145K, capacity 20590K, committed 20864K, reserved 1067008K
  class space    used 2455K, capacity 2615K, committed 2688K, reserved 1048576K
}
Event: 3.134 GC heap before
{Heap before GC invocations=3 (full 0):
 garbage-first heap   total 120832K, used 20359K [0x0000000080000000, 0x0000000100000000)
  region size 1024K, 6 young (6144K), 2 survivors (2048K)
 Metaspace       used 20729K, capacity 21187K, committed 21296K, reserved 1069056K
  class space    used 2525K, capacity 2686K, committed 2688K, reserved 1048576K
}
Event: 3.137 GC heap after
{Heap after GC invocations=4 (full 0):
 garbage-first heap   total 120832K, used 17211K [0x0000000080000000, 0x0000000100000000)
  region size 1024K, 2 young (2048K), 2 survivors (2048K)
 Metaspace       used 20729K, capacity 21187K, committed 21296K, reserved 1069056K
  class space    used 2525K, capacity 2686K, committed 2688K, reserved 1048576K
}
Event: 3.772 GC heap before
{Heap before GC invocations=5 (full 0):
 garbage-first heap   total 120832K, used 64315K [0x0000000080000000, 0x0000000100000000)
  region size 1024K, 48 young (49152K), 2 survivors (2048K)
 Metaspace       used 25576K, capacity 26220K, committed 26236K, reserved 1073152K
  class space    used 3298K, capacity 3518K, committed 3532K, reserved 1048576K
}
Event: 3.776 GC heap after
{Heap after GC invocations=6 (full 0):
 garbage-first heap   total 120832K, used 18995K [0x0000000080000000, 0x0000000100000000)
  region size 1024K, 4 young (4096K), 4 survivors (4096K)
 Metaspace       used 25576K, capacity 26220K, committed 26236K, reserved 1073152K
  class space    used 3298K, capacity 3518K, committed 3532K, reserved 1048576K
}
Event: 4.474 GC heap before
{Heap before GC invocations=6 (full 0):
 garbage-first heap   total 120832K, used 70195K [0x0000000080000000, 0x0000000100000000)
  region size 1024K, 54 young (55296K), 4 survivors (4096K)
 Metaspace       used 30136K, capacity 30823K, committed 31100K, reserved 1077248K
  class space    used 3994K, capacity 4250K, committed 4300K, reserved 1048576K
}
Event: 4.480 GC heap after
{Heap after GC invocations=7 (full 0):
 garbage-first heap   total 120832K, used 20178K [0x0000000080000000, 0x0000000100000000)
  region size 1024K, 5 young (5120K), 5 survivors (5120K)
 Metaspace       used 30136K, capacity 30823K, committed 31100K, reserved 1077248K
  class space    used 3994K, capacity 4250K, committed 4300K, reserved 1048576K
}

