# JRE version: OpenJDK Runtime Environment (11.0.13) (build 11.0.13+0-b1751.21-8125866)
# Java VM: OpenJDK 64-Bit Server VM (11.0.13+0-b1751.21-8125866, mixed mode, tiered, compressed oops, g1 gc, windows-amd64)
Heap:
 garbage-first heap   total 145408K, used 98197K [0x0000000080000000, 0x0000000100000000)
  region size 1024K, 64 young (65536K), 9 survivors (9216K)
 Metaspace       used 58480K, capacity 59943K, committed 60112K, reserved 1101824K
  class space    used 7393K, capacity 7940K, committed 8064K, reserved 1048576K
GC Heap History (20 events):
Event: 0.904 GC heap before
{Heap before GC invocations=0 (full 0):
 garbage-first heap   total 120832K, used 29696K [0x0000000080000000, 0x0000000100000000)
  region size 1024K, 24 young (24576K), 0 survivors (0K)
 Metaspace       used 10139K, capacity 10391K, committed 10624K, reserved 1058816K
  class space    used 1041K, capacity 1106K, committed 1152K, reserved 1048576K
}
Event: 0.912 GC heap after
{Heap after GC invocations=1 (full 0):
 garbage-first heap   total 120832K, used 9265K [0x0000000080000000, 0x0000000100000000)
  region size 1024K, 3 young (3072K), 3 survivors (3072K)
 Metaspace       used 10139K, capacity 10391K, committed 10624K, reserved 1058816K
  class space    used 1041K, capacity 1106K, committed 1152K, reserved 1048576K
}
Event: 2.708 GC heap before
{Heap before GC invocations=1 (full 0):
 garbage-first heap   total 120832K, used 77873K [0x0000000080000000, 0x0000000100000000)
  region size 1024K, 70 young (71680K), 3 survivors (3072K)
 Metaspace       used 16750K, capacity 17134K, committed 17152K, reserved 1064960K
  class space    used 1911K, capacity 2036K, committed 2048K, reserved 1048576K
}
Event: 2.717 GC heap after
{Heap after GC invocations=2 (full 0):
 garbage-first heap   total 120832K, used 15543K [0x0000000080000000, 0x0000000100000000)
  region size 1024K, 9 young (9216K), 9 survivors (9216K)
 Metaspace       used 16750K, capacity 17134K, committed 17152K, reserved 1064960K
  class space    used 1911K, capacity 2036K, committed 2048K, reserved 1048576K
}
Event: 3.206 GC heap before
{Heap before GC invocations=2 (full 0):
 garbage-first heap   total 120832K, used 51383K [0x0000000080000000, 0x0000000100000000)
  region size 1024K, 45 young (46080K), 9 survivors (9216K)
 Metaspace       used 20740K, capacity 21187K, committed 21296K, reserved 1069056K
  class space    used 2526K, capacity 2686K, committed 2688K, reserved 1048576K
}
Event: 3.219 GC heap after
{Heap after GC invocations=3 (full 0):
 garbage-first heap   total 120832K, used 17164K [0x0000000080000000, 0x0000000100000000)
  region size 1024K, 2 young (2048K), 2 survivors (2048K)
 Metaspace       used 20740K, capacity 21187K, committed 21296K, reserved 1069056K
  class space    used 2526K, capacity 2686K, committed 2688K, reserved 1048576K
}
Event: 3.994 GC heap before
{Heap before GC invocations=4 (full 0):
 garbage-first heap   total 120832K, used 68364K [0x0000000080000000, 0x0000000100000000)
  region size 1024K, 52 young (53248K), 2 survivors (2048K)
 Metaspace       used 26072K, capacity 26642K, committed 26928K, reserved 1073152K
  class space    used 3391K, capacity 3600K, committed 3712K, reserved 1048576K
}
Event: 4.000 GC heap after
{Heap after GC invocations=5 (full 0):
 garbage-first heap   total 120832K, used 18939K [0x0000000080000000, 0x0000000100000000)
  region size 1024K, 4 young (4096K), 4 survivors (4096K)
 Metaspace       used 26072K, capacity 26642K, committed 26928K, reserved 1073152K
  class space    used 3391K, capacity 3600K, committed 3712K, reserved 1048576K
}
Event: 4.716 GC heap before
{Heap before GC invocations=5 (full 0):
 garbage-first heap   total 120832K, used 74235K [0x0000000080000000, 0x0000000100000000)
  region size 1024K, 58 young (59392K), 4 survivors (4096K)
 Metaspace       used 31376K, capacity 32087K, committed 32304K, reserved 1077248K
  class space    used 4162K, capacity 4416K, committed 4480K, reserved 1048576K
}
Event: 4.722 GC heap after
{Heap after GC invocations=6 (full 0):
 garbage-first heap   total 120832K, used 20521K [0x0000000080000000, 0x0000000100000000)
  region size 1024K, 5 young (5120K), 5 survivors (5120K)
 Metaspace       used 31376K, capacity 32087K, committed 32304K, reserved 1077248K
  class space    used 4162K, capacity 4416K, committed 4480K, reserved 1048576K
}
Event: 5.061 GC heap before
{Heap before GC invocations=6 (full 0):
 garbage-first heap   total 120832K, used 30761K [0x0000000080000000, 0x0000000100000000)
  region size 1024K, 16 young (16384K), 5 survivors (5120K)
 Metaspace       used 34998K, capacity 35751K, committed 35920K, reserved 1081344K
  class space    used 4496K, capacity 4788K, committed 4864K, reserved 1048576K
}
Event: 5.075 GC heap after
{Heap after GC invocations=7 (full 0):
 garbage-first heap   total 120832K, used 22613K [0x0000000080000000, 0x0000000100000000)
  region size 1024K, 6 young (6144K), 6 survivors (6144K)
 Metaspace       used 34998K, capacity 35751K, committed 35920K, reserved 1081344K
  class space    used 4496K, capacity 4788K, committed 4864K, reserved 1048576K
}
Event: 5.762 GC heap before
{Heap before GC invocations=8 (full 0):
 garbage-first heap   total 120832K, used 72789K [0x0000000080000000, 0x0000000100000000)
  region size 1024K, 52 young (53248K), 6 survivors (6144K)
 Metaspace       used 39225K, capacity 40065K, committed 40272K, reserved 1085440K
  class space    used 4952K, capacity 5262K, committed 5376K, reserved 1048576K
}
Event: 5.774 GC heap after
{Heap after GC invocations=9 (full 0):
 garbage-first heap   total 120832K, used 26527K [0x0000000080000000, 0x0000000100000000)
  region size 1024K, 7 young (7168K), 7 survivors (7168K)
 Metaspace       used 39225K, capacity 40065K, committed 40272K, reserved 1085440K
  class space    used 4952K, capacity 5262K, committed 5376K, reserved 1048576K
}
Event: 6.386 GC heap before
{Heap before GC invocations=9 (full 0):
 garbage-first heap   total 120832K, used 74655K [0x0000000080000000, 0x0000000100000000)
  region size 1024K, 54 young (55296K), 7 survivors (7168K)
 Metaspace       used 42971K, capacity 43868K, committed 44112K, reserved 1087488K
  class space    used 5481K, capacity 5839K, committed 5888K, reserved 1048576K
}
Event: 6.396 GC heap after
{Heap after GC invocations=10 (full 0):
 garbage-first heap   total 145408K, used 29217K [0x0000000080000000, 0x0000000100000000)
  region size 1024K, 7 young (7168K), 7 survivors (7168K)
 Metaspace       used 42971K, capacity 43868K, committed 44112K, reserved 1087488K
  class space    used 5481K, capacity 5839K, committed 5888K, reserved 1048576K
}
Event: 7.272 GC heap before
{Heap before GC invocations=10 (full 0):
 garbage-first heap   total 145408K, used 87585K [0x0000000080000000, 0x0000000100000000)
  region size 1024K, 64 young (65536K), 7 survivors (7168K)
 Metaspace       used 47691K, capacity 48804K, committed 48848K, reserved 1091584K
  class space    used 6056K, capacity 6526K, committed 6528K, reserved 1048576K
}
Event: 7.280 GC heap after
{Heap after GC invocations=11 (full 0):
 garbage-first heap   total 145408K, used 31706K [0x0000000080000000, 0x0000000100000000)
  region size 1024K, 5 young (5120K), 5 survivors (5120K)
 Metaspace       used 47691K, capacity 48804K, committed 48848K, reserved 1091584K
  class space    used 6056K, capacity 6526K, committed 6528K, reserved 1048576K
}
Event: 8.026 GC heap before
{Heap before GC invocations=11 (full 0):
 garbage-first heap   total 145408K, used 97242K [0x0000000080000000, 0x0000000100000000)
  region size 1024K, 65 young (66560K), 5 survivors (5120K)
 Metaspace       used 50325K, capacity 51626K, committed 51792K, reserved 1093632K
  class space    used 6383K, capacity 6879K, committed 6912K, reserved 1048576K
}
Event: 8.034 GC heap after
{Heap after GC invocations=12 (full 0):
 garbage-first heap   total 145408K, used 42901K [0x0000000080000000, 0x0000000100000000)
  region size 1024K, 9 young (9216K), 9 survivors (9216K)
 Metaspace       used 50325K, capacity 51626K, committed 51792K, reserved 1093632K
  class space    used 6383K, capacity 6879K, committed 6912K, reserved 1048576K
}

