# JRE version: OpenJDK Runtime Environment (11.0.13) (build 11.0.13+0-b1751.21-8125866)
# Java VM: OpenJDK 64-Bit Server VM (11.0.13+0-b1751.21-8125866, mixed mode, tiered, compressed oops, g1 gc, windows-amd64)
Heap:
 garbage-first heap   total 566272K, used 237483K [0x0000000080000000, 0x0000000100000000)
  region size 1024K, 2 young (2048K), 2 survivors (2048K)
 Metaspace       used 140096K, capacity 144272K, committed 144432K, reserved 1173504K
  class space    used 17822K, capacity 19499K, committed 19584K, reserved 1048576K
GC Heap History (20 events):
Event: 2072.934 GC heap after
{Heap after GC invocations=73 (full 0):
 garbage-first heap   total 253952K, used 162252K [0x0000000080000000, 0x0000000100000000)
  region size 1024K, 6 young (6144K), 6 survivors (6144K)
 Metaspace       used 124242K, capacity 126889K, committed 127792K, reserved 1161216K
  class space    used 15277K, capacity 16245K, committed 16512K, reserved 1048576K
}
Event: 2072.959 GC heap before
{Heap before GC invocations=73 (full 0):
 garbage-first heap   total 253952K, used 167372K [0x0000000080000000, 0x0000000100000000)
  region size 1024K, 12 young (12288K), 6 survivors (6144K)
 Metaspace       used 124242K, capacity 126889K, committed 127792K, reserved 1161216K
  class space    used 15277K, capacity 16245K, committed 16512K, reserved 1048576K
}
Event: 2072.975 GC heap after
{Heap after GC invocations=74 (full 0):
 garbage-first heap   total 253952K, used 157578K [0x0000000080000000, 0x0000000100000000)
  region size 1024K, 1 young (1024K), 1 survivors (1024K)
 Metaspace       used 124242K, capacity 126889K, committed 127792K, reserved 1161216K
  class space    used 15277K, capacity 16245K, committed 16512K, reserved 1048576K
}
Event: 2073.346 GC heap before
{Heap before GC invocations=74 (full 0):
 garbage-first heap   total 253952K, used 205706K [0x0000000080000000, 0x0000000100000000)
  region size 1024K, 49 young (50176K), 1 survivors (1024K)
 Metaspace       used 125271K, capacity 127928K, committed 128816K, reserved 1161216K
  class space    used 15397K, capacity 16374K, committed 16512K, reserved 1048576K
}
Event: 2073.356 GC heap after
{Heap after GC invocations=75 (full 0):
 garbage-first heap   total 313344K, used 159403K [0x0000000080000000, 0x0000000100000000)
  region size 1024K, 3 young (3072K), 3 survivors (3072K)
 Metaspace       used 125271K, capacity 127928K, committed 128816K, reserved 1161216K
  class space    used 15397K, capacity 16374K, committed 16512K, reserved 1048576K
}
Event: 2073.782 GC heap before
{Heap before GC invocations=75 (full 0):
 garbage-first heap   total 313344K, used 238251K [0x0000000080000000, 0x0000000100000000)
  region size 1024K, 81 young (82944K), 3 survivors (3072K)
 Metaspace       used 126234K, capacity 128983K, committed 129456K, reserved 1163264K
  class space    used 15544K, capacity 16572K, committed 16640K, reserved 1048576K
}
Event: 2073.795 GC heap after
{Heap after GC invocations=76 (full 0):
 garbage-first heap   total 313344K, used 171466K [0x0000000080000000, 0x0000000100000000)
  region size 1024K, 11 young (11264K), 11 survivors (11264K)
 Metaspace       used 126234K, capacity 128983K, committed 129456K, reserved 1163264K
  class space    used 15544K, capacity 16572K, committed 16640K, reserved 1048576K
}
Event: 2074.003 GC heap before
{Heap before GC invocations=76 (full 0):
 garbage-first heap   total 313344K, used 245194K [0x0000000080000000, 0x0000000100000000)
  region size 1024K, 84 young (86016K), 11 survivors (11264K)
 Metaspace       used 127565K, capacity 130398K, committed 130992K, reserved 1163264K
  class space    used 15740K, capacity 16811K, committed 16896K, reserved 1048576K
}
Event: 2074.020 GC heap after
{Heap after GC invocations=77 (full 0):
 garbage-first heap   total 313344K, used 181917K [0x0000000080000000, 0x0000000100000000)
  region size 1024K, 11 young (11264K), 11 survivors (11264K)
 Metaspace       used 127565K, capacity 130398K, committed 130992K, reserved 1163264K
  class space    used 15740K, capacity 16811K, committed 16896K, reserved 1048576K
}
Event: 2074.533 GC heap before
{Heap before GC invocations=77 (full 0):
 garbage-first heap   total 313344K, used 249501K [0x0000000080000000, 0x0000000100000000)
  region size 1024K, 76 young (77824K), 11 survivors (11264K)
 Metaspace       used 131006K, capacity 134226K, committed 134448K, reserved 1167360K
  class space    used 16285K, capacity 17506K, committed 17536K, reserved 1048576K
}
Event: 2074.547 GC heap after
{Heap after GC invocations=78 (full 0):
 garbage-first heap   total 313344K, used 186393K [0x0000000080000000, 0x0000000100000000)
  region size 1024K, 10 young (10240K), 10 survivors (10240K)
 Metaspace       used 131006K, capacity 134226K, committed 134448K, reserved 1167360K
  class space    used 16285K, capacity 17506K, committed 17536K, reserved 1048576K
}
Event: 2074.789 GC heap before
{Heap before GC invocations=78 (full 0):
 garbage-first heap   total 313344K, used 250905K [0x0000000080000000, 0x0000000100000000)
  region size 1024K, 73 young (74752K), 10 survivors (10240K)
 Metaspace       used 133327K, capacity 136861K, committed 137136K, reserved 1169408K
  class space    used 16712K, capacity 18137K, committed 18176K, reserved 1048576K
}
Event: 2074.814 GC heap after
{Heap after GC invocations=79 (full 0):
 garbage-first heap   total 395264K, used 197536K [0x0000000080000000, 0x0000000100000000)
  region size 1024K, 10 young (10240K), 10 survivors (10240K)
 Metaspace       used 133327K, capacity 136861K, committed 137136K, reserved 1169408K
  class space    used 16712K, capacity 18137K, committed 18176K, reserved 1048576K
}
Event: 2075.147 GC heap before
{Heap before GC invocations=79 (full 0):
 garbage-first heap   total 395264K, used 292768K [0x0000000080000000, 0x0000000100000000)
  region size 1024K, 104 young (106496K), 10 survivors (10240K)
 Metaspace       used 135317K, capacity 138978K, committed 139056K, reserved 1169408K
  class space    used 17058K, capacity 18552K, committed 18560K, reserved 1048576K
}
Event: 2075.180 GC heap after
{Heap after GC invocations=80 (full 0):
 garbage-first heap   total 395264K, used 215214K [0x0000000080000000, 0x0000000100000000)
  region size 1024K, 13 young (13312K), 13 survivors (13312K)
 Metaspace       used 135317K, capacity 138978K, committed 139056K, reserved 1169408K
  class space    used 17058K, capacity 18552K, committed 18560K, reserved 1048576K
}
Event: 2075.479 GC heap before
{Heap before GC invocations=80 (full 0):
 garbage-first heap   total 395264K, used 305326K [0x0000000080000000, 0x0000000100000000)
  region size 1024K, 101 young (103424K), 13 survivors (13312K)
 Metaspace       used 137772K, capacity 141684K, committed 141872K, reserved 1171456K
  class space    used 17468K, capacity 19054K, committed 19072K, reserved 1048576K
}
Event: 2075.503 GC heap after
{Heap after GC invocations=81 (full 0):
 garbage-first heap   total 395264K, used 229623K [0x0000000080000000, 0x0000000100000000)
  region size 1024K, 13 young (13312K), 13 survivors (13312K)
 Metaspace       used 137772K, capacity 141684K, committed 141872K, reserved 1171456K
  class space    used 17468K, capacity 19054K, committed 19072K, reserved 1048576K
}
Event: 2075.787 GC heap before
{Heap before GC invocations=81 (full 0):
 garbage-first heap   total 395264K, used 312567K [0x0000000080000000, 0x0000000100000000)
  region size 1024K, 95 young (97280K), 13 survivors (13312K)
 Metaspace       used 139693K, capacity 143758K, committed 143792K, reserved 1173504K
  class space    used 17778K, capacity 19443K, committed 19456K, reserved 1048576K
}
Event: 2075.805 GC heap after
{Heap after GC invocations=82 (full 0):
 garbage-first heap   total 395264K, used 237296K [0x0000000080000000, 0x0000000100000000)
  region size 1024K, 8 young (8192K), 8 survivors (8192K)
 Metaspace       used 139693K, capacity 143758K, committed 143792K, reserved 1173504K
  class space    used 17778K, capacity 19443K, committed 19456K, reserved 1048576K
}
Event: 2076.008 GC heap before
{Heap before GC invocations=82 (full 0):
 garbage-first heap   total 395264K, used 320240K [0x0000000080000000, 0x0000000100000000)
  region size 1024K, 89 young (91136K), 8 survivors (8192K)
 Metaspace       used 140096K, capacity 144272K, committed 144432K, reserved 1173504K
  class space    used 17822K, capacity 19499K, committed 19584K, reserved 1048576K
}

